<?xml version="1.0" encoding="UTF-8"?>
<testsuite name="com.ipcc.crm.IpccApplicationTests" tests="1" skipped="0" failures="0" errors="0" timestamp="2024-06-21T07:02:18" hostname="DESKTOP-TS32BCT" time="1.628">
  <properties/>
  <testcase name="contextLoads()" classname="com.ipcc.crm.IpccApplicationTests" time="1.628"/>
  <system-out><![CDATA[16:02:13.219 [Test worker] INFO org.springframework.test.context.support.AnnotationConfigContextLoaderUtils -- Could not detect default configuration classes for test class [com.ipcc.crm.IpccApplicationTests]: IpccApplicationTests does not declare any static, non-private, non-final, nested classes annotated with @Configuration.
16:02:13.410 [Test worker] INFO org.springframework.boot.test.context.SpringBootTestContextBootstrapper -- Found @SpringBootConfiguration com.ipcc.IpccApplication for test class com.ipcc.crm.IpccApplicationTests
  .   ____          _            __ _ _
 /\\ / ___'_ __ _ _(_)_ __  __ _ \ \ \ \
( ( )\___ | '_ | '_| | '_ \/ _` | \ \ \ \
 \\/  ___)| |_)| | | | | || (_| |  ) ) ) )
  '  |____| .__|_| |_|_| |_\__, | / / / /
 =========|_|==============|___/=/_/_/_/

 :: Spring Boot ::                (v3.3.0)

2024-06-21T16:02:14.132+09:00  INFO 18348 --- [Ipcc] [    Test worker] com.ipcc.crm.IpccApplicationTests        : Starting IpccApplicationTests using Java 17.0.11 with PID 18348 (started by mojelim in E:\Ipcc)
2024-06-21T16:02:14.136+09:00  INFO 18348 --- [Ipcc] [    Test worker] com.ipcc.crm.IpccApplicationTests        : No active profile set, falling back to 1 default profile: "default"
2024-06-21T16:02:17.285+09:00  INFO 18348 --- [Ipcc] [    Test worker] o.s.b.a.w.s.WelcomePageHandlerMapping    : Adding welcome page template: index
2024-06-21T16:02:17.991+09:00  INFO 18348 --- [Ipcc] [    Test worker] com.ipcc.crm.IpccApplicationTests        : Started IpccApplicationTests in 4.271 seconds (process running for 6.571)
]]></system-out>
  <system-err><![CDATA[]]></system-err>
</testsuite>
